<?xml version="1.0" encoding="UTF-8"?>
<testsuite name="Challenge Choucair" tests="1" skipped="0" failures="0" errors="0" timestamp="2021-12-12T06:47:35" hostname="DESKTOP-CMH6I22" time="31.384">
  <properties/>
  <testcase name="Sign Up for the first time" classname="Challenge Choucair" time="31.384"/>
  <system-out><![CDATA[]]></system-out>
  <system-err><![CDATA[[Test worker] WARN net.thucydides.core.steps.BaseStepListener - stepStarted: net.thucydides.core.steps.ExecutedStepDescription@57513ef3
[Test worker] WARN net.thucydides.core.steps.BaseStepListener - stepStarted: net.thucydides.core.steps.ExecutedStepDescription@b602ca7
[Test worker] WARN net.thucydides.core.steps.BaseStepListener - stepStarted: net.thucydides.core.steps.ExecutedStepDescription@7be65580
Dec 12, 2021 1:47:36 AM org.openqa.selenium.remote.DesiredCapabilities chrome
INFO: Using `new ChromeOptions()` is preferred to `DesiredCapabilities.chrome()`
[Test worker] INFO net.serenitybdd.core.webdriver.driverproviders.ProvideNewDriver - Instantiating driver
[Test worker] INFO net.serenitybdd.core.webdriver.driverproviders.ProvideNewDriver - Driver capabilities: Capabilities {acceptInsecureCerts: false, browserName: chrome, chrome.switches: --start-maximized, goog:chromeOptions: {args: [--start-maximized], extensions: []}, loggingPrefs: org.openqa.selenium.logging..., platform: ANY, version: }
Starting ChromeDriver 96.0.4664.45 (76e4c1bb2ab4671b8beba3444e61c0f17584b2fc-refs/branch-heads/4664@{#947}) on port 5212
Only local connections are allowed.
Please see https://chromedriver.chromium.org/security-considerations for suggestions on keeping ChromeDriver safe.
ChromeDriver was started successfully.
Dec 12, 2021 1:47:38 AM org.openqa.selenium.remote.ProtocolHandshake createSession
INFO: Detected dialect: W3C
[Test worker] WARN net.thucydides.core.steps.BaseStepListener - stepFinished: current outcome:Sign Up for the first time:Given than Angel wants to enter Utest and press sign up [Angel open up [Angel opens the Choucair challenge page]]
[Test worker] WARN net.thucydides.core.steps.BaseStepListener - stepFinished: current outcome:Sign Up for the first time:Given than Angel wants to enter Utest and press sign up [Angel open up [Angel opens the Choucair challenge page]]
[Test worker] WARN net.thucydides.core.steps.BaseStepListener - stepStarted: net.thucydides.core.steps.ExecutedStepDescription@1725d92a
[Test worker] WARN net.thucydides.core.steps.BaseStepListener - stepStarted: net.thucydides.core.steps.ExecutedStepDescription@31000340
[Test worker] WARN net.thucydides.core.steps.BaseStepListener - stepFinished: current outcome:Sign Up for the first time:Given than Angel wants to enter Utest and press sign up [Angel open up [Angel opens the Choucair challenge page], Angel sign up [Angel clicks on button that show us the form to sign up]]
[Test worker] WARN net.thucydides.core.steps.BaseStepListener - stepFinished: current outcome:Sign Up for the first time:Given than Angel wants to enter Utest and press sign up [Angel open up [Angel opens the Choucair challenge page], Angel sign up [Angel clicks on button that show us the form to sign up]]
[Test worker] WARN net.thucydides.core.steps.BaseStepListener - stepFinished: current outcome:Sign Up for the first time:Given than Angel wants to enter Utest and press sign up [Angel open up [Angel opens the Choucair challenge page], Angel sign up [Angel clicks on button that show us the form to sign up]]
[Test worker] WARN net.thucydides.core.steps.BaseStepListener - stepStarted: net.thucydides.core.steps.ExecutedStepDescription@71826c58
[Test worker] WARN net.thucydides.core.steps.BaseStepListener - stepStarted: net.thucydides.core.steps.ExecutedStepDescription@3ccb497d
[Test worker] WARN net.thucydides.core.steps.BaseStepListener - stepStarted: net.thucydides.core.steps.ExecutedStepDescription@6aa6ddce
[Test worker] WARN net.thucydides.core.steps.BaseStepListener - stepFinished: current outcome:Sign Up for the first time:Given than Angel wants to enter Utest and press sign up [Angel open up [Angel opens the Choucair challenge page], Angel sign up [Angel clicks on button that show us the form to sign up]], When he fill all the forms required [Angel fill form [Angel enters 'Angel' into Textbox to write First Name]]
[Test worker] WARN net.thucydides.core.steps.BaseStepListener - stepStarted: net.thucydides.core.steps.ExecutedStepDescription@3e3b59ab
[Test worker] WARN net.thucydides.core.steps.BaseStepListener - stepFinished: current outcome:Sign Up for the first time:Given than Angel wants to enter Utest and press sign up [Angel open up [Angel opens the Choucair challenge page], Angel sign up [Angel clicks on button that show us the form to sign up]], When he fill all the forms required [Angel fill form [Angel enters 'Angel' into Textbox to write First Name, Angel enters 'Lin' into Textbox to write Last Name]]
[Test worker] WARN net.thucydides.core.steps.BaseStepListener - stepStarted: net.thucydides.core.steps.ExecutedStepDescription@42fbf115
[Test worker] WARN net.thucydides.core.steps.BaseStepListener - stepFinished: current outcome:Sign Up for the first time:Given than Angel wants to enter Utest and press sign up [Angel open up [Angel opens the Choucair challenge page], Angel sign up [Angel clicks on button that show us the form to sign up]], When he fill all the forms required [Angel fill form [Angel enters 'Angel' into Textbox to write First Name, Angel enters 'Lin' into Textbox to write Last Name, Angel enters 'frpslayer29@gmail.com' into Textbox to write email]]
[Test worker] WARN net.thucydides.core.steps.BaseStepListener - stepStarted: net.thucydides.core.steps.ExecutedStepDescription@7e1c0965
[Test worker] WARN net.thucydides.core.steps.BaseStepListener - stepFinished: current outcome:Sign Up for the first time:Given than Angel wants to enter Utest and press sign up [Angel open up [Angel opens the Choucair challenge page], Angel sign up [Angel clicks on button that show us the form to sign up]], When he fill all the forms required [Angel fill form [Angel enters 'Angel' into Textbox to write First Name, Angel enters 'Lin' into Textbox to write Last Name, Angel enters 'frpslayer29@gmail.com' into Textbox to write email, Angel select July on we choose the month birth name]]
[Test worker] WARN net.thucydides.core.steps.BaseStepListener - stepStarted: net.thucydides.core.steps.ExecutedStepDescription@5f967c5a
[Test worker] WARN net.thucydides.core.steps.BaseStepListener - stepFinished: current outcome:Sign Up for the first time:Given than Angel wants to enter Utest and press sign up [Angel open up [Angel opens the Choucair challenge page], Angel sign up [Angel clicks on button that show us the form to sign up]], When he fill all the forms required [Angel fill form [Angel enters 'Angel' into Textbox to write First Name, Angel enters 'Lin' into Textbox to write Last Name, Angel enters 'frpslayer29@gmail.com' into Textbox to write email, Angel select July on we choose the month birth name, Angel selects index 10 in we write the day birth name]]
[Test worker] WARN net.thucydides.core.steps.BaseStepListener - stepStarted: net.thucydides.core.steps.ExecutedStepDescription@55a81e1d
[Test worker] WARN net.thucydides.core.steps.BaseStepListener - stepFinished: current outcome:Sign Up for the first time:Given than Angel wants to enter Utest and press sign up [Angel open up [Angel opens the Choucair challenge page], Angel sign up [Angel clicks on button that show us the form to sign up]], When he fill all the forms required [Angel fill form [Angel enters 'Angel' into Textbox to write First Name, Angel enters 'Lin' into Textbox to write Last Name, Angel enters 'frpslayer29@gmail.com' into Textbox to write email, Angel select July on we choose the month birth name, Angel selects index 10 in we write the day birth name, Angel select 1990 on we choose the year birth name]]
[Test worker] WARN net.thucydides.core.steps.BaseStepListener - stepStarted: net.thucydides.core.steps.ExecutedStepDescription@6a733db3
[Test worker] WARN net.thucydides.core.steps.BaseStepListener - stepFinished: current outcome:Sign Up for the first time:Given than Angel wants to enter Utest and press sign up [Angel open up [Angel opens the Choucair challenge page], Angel sign up [Angel clicks on button that show us the form to sign up]], When he fill all the forms required [Angel fill form [Angel enters 'Angel' into Textbox to write First Name, Angel enters 'Lin' into Textbox to write Last Name, Angel enters 'frpslayer29@gmail.com' into Textbox to write email, Angel select July on we choose the month birth name, Angel selects index 10 in we write the day birth name, Angel select 1990 on we choose the year birth name, Angel clicks on button that show up the next step of the form to sign up]]
[Test worker] WARN net.thucydides.core.steps.BaseStepListener - stepStarted: net.thucydides.core.steps.ExecutedStepDescription@a4cdb2b
[Test worker] WARN net.thucydides.core.steps.BaseStepListener - stepFinished: current outcome:Sign Up for the first time:Given than Angel wants to enter Utest and press sign up [Angel open up [Angel opens the Choucair challenge page], Angel sign up [Angel clicks on button that show us the form to sign up]], When he fill all the forms required [Angel fill form [Angel enters 'Angel' into Textbox to write First Name, Angel enters 'Lin' into Textbox to write Last Name, Angel enters 'frpslayer29@gmail.com' into Textbox to write email, Angel select July on we choose the month birth name, Angel selects index 10 in we write the day birth name, Angel select 1990 on we choose the year birth name, Angel clicks on button that show up the next step of the form to sign up, Angel enters '0000' into we write the ZIP code]]
[Test worker] WARN net.thucydides.core.steps.BaseStepListener - stepStarted: net.thucydides.core.steps.ExecutedStepDescription@16cdc5fb
[Test worker] WARN net.thucydides.core.steps.BaseStepListener - stepFinished: current outcome:Sign Up for the first time:Given than Angel wants to enter Utest and press sign up [Angel open up [Angel opens the Choucair challenge page], Angel sign up [Angel clicks on button that show us the form to sign up]], When he fill all the forms required [Angel fill form [Angel enters 'Angel' into Textbox to write First Name, Angel enters 'Lin' into Textbox to write Last Name, Angel enters 'frpslayer29@gmail.com' into Textbox to write email, Angel select July on we choose the month birth name, Angel selects index 10 in we write the day birth name, Angel select 1990 on we choose the year birth name, Angel clicks on button that show up the next step of the form to sign up, Angel enters '0000' into we write the ZIP code, Angel clicks on button that show up the next step of the form to sign up]]
[Test worker] WARN net.thucydides.core.steps.BaseStepListener - stepStarted: net.thucydides.core.steps.ExecutedStepDescription@343a6bc3
[Test worker] WARN net.thucydides.core.steps.BaseStepListener - stepFinished: current outcome:Sign Up for the first time:Given than Angel wants to enter Utest and press sign up [Angel open up [Angel opens the Choucair challenge page], Angel sign up [Angel clicks on button that show us the form to sign up]], When he fill all the forms required [Angel fill form [Angel enters 'Angel' into Textbox to write First Name, Angel enters 'Lin' into Textbox to write Last Name, Angel enters 'frpslayer29@gmail.com' into Textbox to write email, Angel select July on we choose the month birth name, Angel selects index 10 in we write the day birth name, Angel select 1990 on we choose the year birth name, Angel clicks on button that show up the next step of the form to sign up, Angel enters '0000' into we write the ZIP code, Angel clicks on button that show up the next step of the form to sign up, Angel clicks on we choose Mobile device]]
[Test worker] WARN net.thucydides.core.steps.BaseStepListener - stepStarted: net.thucydides.core.steps.ExecutedStepDescription@3219e4b6
[Test worker] WARN net.thucydides.core.steps.BaseStepListener - stepFinished: current outcome:Sign Up for the first time:Given than Angel wants to enter Utest and press sign up [Angel open up [Angel opens the Choucair challenge page], Angel sign up [Angel clicks on button that show us the form to sign up]], When he fill all the forms required [Angel fill form [Angel enters 'Angel' into Textbox to write First Name, Angel enters 'Lin' into Textbox to write Last Name, Angel enters 'frpslayer29@gmail.com' into Textbox to write email, Angel select July on we choose the month birth name, Angel selects index 10 in we write the day birth name, Angel select 1990 on we choose the year birth name, Angel clicks on button that show up the next step of the form to sign up, Angel enters '0000' into we write the ZIP code, Angel clicks on button that show up the next step of the form to sign up, Angel clicks on we choose Mobile device, Angel clicks on Choose Alcatel Option]]
[Test worker] WARN net.thucydides.core.steps.BaseStepListener - stepStarted: net.thucydides.core.steps.ExecutedStepDescription@5b3d72c8
[Test worker] WARN net.thucydides.core.steps.BaseStepListener - stepFinished: current outcome:Sign Up for the first time:Given than Angel wants to enter Utest and press sign up [Angel open up [Angel opens the Choucair challenge page], Angel sign up [Angel clicks on button that show us the form to sign up]], When he fill all the forms required [Angel fill form [Angel enters 'Angel' into Textbox to write First Name, Angel enters 'Lin' into Textbox to write Last Name, Angel enters 'frpslayer29@gmail.com' into Textbox to write email, Angel select July on we choose the month birth name, Angel selects index 10 in we write the day birth name, Angel select 1990 on we choose the year birth name, Angel clicks on button that show up the next step of the form to sign up, Angel enters '0000' into we write the ZIP code, Angel clicks on button that show up the next step of the form to sign up, Angel clicks on we choose Mobile device, Angel clicks on Choose Alcatel Option, Angel clicks on we choose Mobile mode device]]
[Test worker] WARN net.thucydides.core.steps.BaseStepListener - stepStarted: net.thucydides.core.steps.ExecutedStepDescription@29338936
[Test worker] WARN net.thucydides.core.steps.BaseStepListener - stepFinished: current outcome:Sign Up for the first time:Given than Angel wants to enter Utest and press sign up [Angel open up [Angel opens the Choucair challenge page], Angel sign up [Angel clicks on button that show us the form to sign up]], When he fill all the forms required [Angel fill form [Angel enters 'Angel' into Textbox to write First Name, Angel enters 'Lin' into Textbox to write Last Name, Angel enters 'frpslayer29@gmail.com' into Textbox to write email, Angel select July on we choose the month birth name, Angel selects index 10 in we write the day birth name, Angel select 1990 on we choose the year birth name, Angel clicks on button that show up the next step of the form to sign up, Angel enters '0000' into we write the ZIP code, Angel clicks on button that show up the next step of the form to sign up, Angel clicks on we choose Mobile device, Angel clicks on Choose Alcatel Option, Angel clicks on we choose Mobile mode device, Angel clicks on Choose Crystal Option ]]
[Test worker] WARN net.thucydides.core.steps.BaseStepListener - stepStarted: net.thucydides.core.steps.ExecutedStepDescription@72c6e64
[Test worker] WARN net.thucydides.core.steps.BaseStepListener - stepFinished: current outcome:Sign Up for the first time:Given than Angel wants to enter Utest and press sign up [Angel open up [Angel opens the Choucair challenge page], Angel sign up [Angel clicks on button that show us the form to sign up]], When he fill all the forms required [Angel fill form [Angel enters 'Angel' into Textbox to write First Name, Angel enters 'Lin' into Textbox to write Last Name, Angel enters 'frpslayer29@gmail.com' into Textbox to write email, Angel select July on we choose the month birth name, Angel selects index 10 in we write the day birth name, Angel select 1990 on we choose the year birth name, Angel clicks on button that show up the next step of the form to sign up, Angel enters '0000' into we write the ZIP code, Angel clicks on button that show up the next step of the form to sign up, Angel clicks on we choose Mobile device, Angel clicks on Choose Alcatel Option, Angel clicks on we choose Mobile mode device, Angel clicks on Choose Crystal Option , Angel clicks on we choose Mobile OS system device]]
[Test worker] WARN net.thucydides.core.steps.BaseStepListener - stepStarted: net.thucydides.core.steps.ExecutedStepDescription@4ffac66f
[Test worker] WARN net.thucydides.core.steps.BaseStepListener - stepFinished: current outcome:Sign Up for the first time:Given than Angel wants to enter Utest and press sign up [Angel open up [Angel opens the Choucair challenge page], Angel sign up [Angel clicks on button that show us the form to sign up]], When he fill all the forms required [Angel fill form [Angel enters 'Angel' into Textbox to write First Name, Angel enters 'Lin' into Textbox to write Last Name, Angel enters 'frpslayer29@gmail.com' into Textbox to write email, Angel select July on we choose the month birth name, Angel selects index 10 in we write the day birth name, Angel select 1990 on we choose the year birth name, Angel clicks on button that show up the next step of the form to sign up, Angel enters '0000' into we write the ZIP code, Angel clicks on button that show up the next step of the form to sign up, Angel clicks on we choose Mobile device, Angel clicks on Choose Alcatel Option, Angel clicks on we choose Mobile mode device, Angel clicks on Choose Crystal Option , Angel clicks on we choose Mobile OS system device, Angel clicks on Choose Android version option]]
[Test worker] WARN net.thucydides.core.steps.BaseStepListener - stepStarted: net.thucydides.core.steps.ExecutedStepDescription@710cefa1
[Test worker] WARN net.thucydides.core.steps.BaseStepListener - stepFinished: current outcome:Sign Up for the first time:Given than Angel wants to enter Utest and press sign up [Angel open up [Angel opens the Choucair challenge page], Angel sign up [Angel clicks on button that show us the form to sign up]], When he fill all the forms required [Angel fill form [Angel enters 'Angel' into Textbox to write First Name, Angel enters 'Lin' into Textbox to write Last Name, Angel enters 'frpslayer29@gmail.com' into Textbox to write email, Angel select July on we choose the month birth name, Angel selects index 10 in we write the day birth name, Angel select 1990 on we choose the year birth name, Angel clicks on button that show up the next step of the form to sign up, Angel enters '0000' into we write the ZIP code, Angel clicks on button that show up the next step of the form to sign up, Angel clicks on we choose Mobile device, Angel clicks on Choose Alcatel Option, Angel clicks on we choose Mobile mode device, Angel clicks on Choose Crystal Option , Angel clicks on we choose Mobile OS system device, Angel clicks on Choose Android version option, Angel clicks on Button to move to the final part of the form]]
[Test worker] WARN net.thucydides.core.steps.BaseStepListener - stepStarted: net.thucydides.core.steps.ExecutedStepDescription@6db9346f
[Test worker] WARN net.thucydides.core.steps.BaseStepListener - stepFinished: current outcome:Sign Up for the first time:Given than Angel wants to enter Utest and press sign up [Angel open up [Angel opens the Choucair challenge page], Angel sign up [Angel clicks on button that show us the form to sign up]], When he fill all the forms required [Angel fill form [Angel enters 'Angel' into Textbox to write First Name, Angel enters 'Lin' into Textbox to write Last Name, Angel enters 'frpslayer29@gmail.com' into Textbox to write email, Angel select July on we choose the month birth name, Angel selects index 10 in we write the day birth name, Angel select 1990 on we choose the year birth name, Angel clicks on button that show up the next step of the form to sign up, Angel enters '0000' into we write the ZIP code, Angel clicks on button that show up the next step of the form to sign up, Angel clicks on we choose Mobile device, Angel clicks on Choose Alcatel Option, Angel clicks on we choose Mobile mode device, Angel clicks on Choose Crystal Option , Angel clicks on we choose Mobile OS system device, Angel clicks on Choose Android version option, Angel clicks on Button to move to the final part of the form, Angel enters 'PrUeBa@204845' into fill password form]]
[Test worker] WARN net.thucydides.core.steps.BaseStepListener - stepStarted: net.thucydides.core.steps.ExecutedStepDescription@7fd679d9
[Test worker] WARN net.thucydides.core.steps.BaseStepListener - stepFinished: current outcome:Sign Up for the first time:Given than Angel wants to enter Utest and press sign up [Angel open up [Angel opens the Choucair challenge page], Angel sign up [Angel clicks on button that show us the form to sign up]], When he fill all the forms required [Angel fill form [Angel enters 'Angel' into Textbox to write First Name, Angel enters 'Lin' into Textbox to write Last Name, Angel enters 'frpslayer29@gmail.com' into Textbox to write email, Angel select July on we choose the month birth name, Angel selects index 10 in we write the day birth name, Angel select 1990 on we choose the year birth name, Angel clicks on button that show up the next step of the form to sign up, Angel enters '0000' into we write the ZIP code, Angel clicks on button that show up the next step of the form to sign up, Angel clicks on we choose Mobile device, Angel clicks on Choose Alcatel Option, Angel clicks on we choose Mobile mode device, Angel clicks on Choose Crystal Option , Angel clicks on we choose Mobile OS system device, Angel clicks on Choose Android version option, Angel clicks on Button to move to the final part of the form, Angel enters 'PrUeBa@204845' into fill password form, Angel enters 'PrUeBa@204845' into fill Confirm password form]]
[Test worker] WARN net.thucydides.core.steps.BaseStepListener - stepStarted: net.thucydides.core.steps.ExecutedStepDescription@591ab902
[Test worker] WARN net.thucydides.core.steps.BaseStepListener - stepFinished: current outcome:Sign Up for the first time:Given than Angel wants to enter Utest and press sign up [Angel open up [Angel opens the Choucair challenge page], Angel sign up [Angel clicks on button that show us the form to sign up]], When he fill all the forms required [Angel fill form [Angel enters 'Angel' into Textbox to write First Name, Angel enters 'Lin' into Textbox to write Last Name, Angel enters 'frpslayer29@gmail.com' into Textbox to write email, Angel select July on we choose the month birth name, Angel selects index 10 in we write the day birth name, Angel select 1990 on we choose the year birth name, Angel clicks on button that show up the next step of the form to sign up, Angel enters '0000' into we write the ZIP code, Angel clicks on button that show up the next step of the form to sign up, Angel clicks on we choose Mobile device, Angel clicks on Choose Alcatel Option, Angel clicks on we choose Mobile mode device, Angel clicks on Choose Crystal Option , Angel clicks on we choose Mobile OS system device, Angel clicks on Choose Android version option, Angel clicks on Button to move to the final part of the form, Angel enters 'PrUeBa@204845' into fill password form, Angel enters 'PrUeBa@204845' into fill Confirm password form, Angel clicks on check the checkbox of terms]]
[Test worker] WARN net.thucydides.core.steps.BaseStepListener - stepStarted: net.thucydides.core.steps.ExecutedStepDescription@28eae0f4
[Test worker] WARN net.thucydides.core.steps.BaseStepListener - stepFinished: current outcome:Sign Up for the first time:Given than Angel wants to enter Utest and press sign up [Angel open up [Angel opens the Choucair challenge page], Angel sign up [Angel clicks on button that show us the form to sign up]], When he fill all the forms required [Angel fill form [Angel enters 'Angel' into Textbox to write First Name, Angel enters 'Lin' into Textbox to write Last Name, Angel enters 'frpslayer29@gmail.com' into Textbox to write email, Angel select July on we choose the month birth name, Angel selects index 10 in we write the day birth name, Angel select 1990 on we choose the year birth name, Angel clicks on button that show up the next step of the form to sign up, Angel enters '0000' into we write the ZIP code, Angel clicks on button that show up the next step of the form to sign up, Angel clicks on we choose Mobile device, Angel clicks on Choose Alcatel Option, Angel clicks on we choose Mobile mode device, Angel clicks on Choose Crystal Option , Angel clicks on we choose Mobile OS system device, Angel clicks on Choose Android version option, Angel clicks on Button to move to the final part of the form, Angel enters 'PrUeBa@204845' into fill password form, Angel enters 'PrUeBa@204845' into fill Confirm password form, Angel clicks on check the checkbox of terms, Angel clicks on check the checkbox of privacy]]
[Test worker] WARN net.thucydides.core.steps.BaseStepListener - stepFinished: current outcome:Sign Up for the first time:Given than Angel wants to enter Utest and press sign up [Angel open up [Angel opens the Choucair challenge page], Angel sign up [Angel clicks on button that show us the form to sign up]], When he fill all the forms required [Angel fill form [Angel enters 'Angel' into Textbox to write First Name, Angel enters 'Lin' into Textbox to write Last Name, Angel enters 'frpslayer29@gmail.com' into Textbox to write email, Angel select July on we choose the month birth name, Angel selects index 10 in we write the day birth name, Angel select 1990 on we choose the year birth name, Angel clicks on button that show up the next step of the form to sign up, Angel enters '0000' into we write the ZIP code, Angel clicks on button that show up the next step of the form to sign up, Angel clicks on we choose Mobile device, Angel clicks on Choose Alcatel Option, Angel clicks on we choose Mobile mode device, Angel clicks on Choose Crystal Option , Angel clicks on we choose Mobile OS system device, Angel clicks on Choose Android version option, Angel clicks on Button to move to the final part of the form, Angel enters 'PrUeBa@204845' into fill password form, Angel enters 'PrUeBa@204845' into fill Confirm password form, Angel clicks on check the checkbox of terms, Angel clicks on check the checkbox of privacy]]
[Test worker] WARN net.thucydides.core.steps.BaseStepListener - stepFinished: current outcome:Sign Up for the first time:Given than Angel wants to enter Utest and press sign up [Angel open up [Angel opens the Choucair challenge page], Angel sign up [Angel clicks on button that show us the form to sign up]], When he fill all the forms required [Angel fill form [Angel enters 'Angel' into Textbox to write First Name, Angel enters 'Lin' into Textbox to write Last Name, Angel enters 'frpslayer29@gmail.com' into Textbox to write email, Angel select July on we choose the month birth name, Angel selects index 10 in we write the day birth name, Angel select 1990 on we choose the year birth name, Angel clicks on button that show up the next step of the form to sign up, Angel enters '0000' into we write the ZIP code, Angel clicks on button that show up the next step of the form to sign up, Angel clicks on we choose Mobile device, Angel clicks on Choose Alcatel Option, Angel clicks on we choose Mobile mode device, Angel clicks on Choose Crystal Option , Angel clicks on we choose Mobile OS system device, Angel clicks on Choose Android version option, Angel clicks on Button to move to the final part of the form, Angel enters 'PrUeBa@204845' into fill password form, Angel enters 'PrUeBa@204845' into fill Confirm password form, Angel clicks on check the checkbox of terms, Angel clicks on check the checkbox of privacy]]
[Test worker] WARN net.thucydides.core.steps.BaseStepListener - stepStarted: net.thucydides.core.steps.ExecutedStepDescription@499e6196
[Test worker] WARN net.thucydides.core.steps.BaseStepListener - stepStarted: net.thucydides.core.steps.ExecutedStepDescription@515afb4c
[Test worker] WARN net.thucydides.core.steps.BaseStepListener - stepStarted: net.thucydides.core.steps.ExecutedStepDescription@6cebea94
[Test worker] WARN net.thucydides.core.steps.BaseStepListener - stepFinished: current outcome:Sign Up for the first time:Given than Angel wants to enter Utest and press sign up [Angel open up [Angel opens the Choucair challenge page], Angel sign up [Angel clicks on button that show us the form to sign up]], When he fill all the forms required [Angel fill form [Angel enters 'Angel' into Textbox to write First Name, Angel enters 'Lin' into Textbox to write Last Name, Angel enters 'frpslayer29@gmail.com' into Textbox to write email, Angel select July on we choose the month birth name, Angel selects index 10 in we write the day birth name, Angel select 1990 on we choose the year birth name, Angel clicks on button that show up the next step of the form to sign up, Angel enters '0000' into we write the ZIP code, Angel clicks on button that show up the next step of the form to sign up, Angel clicks on we choose Mobile device, Angel clicks on Choose Alcatel Option, Angel clicks on we choose Mobile mode device, Angel clicks on Choose Crystal Option , Angel clicks on we choose Mobile OS system device, Angel clicks on Choose Android version option, Angel clicks on Button to move to the final part of the form, Angel enters 'PrUeBa@204845' into fill password form, Angel enters 'PrUeBa@204845' into fill Confirm password form, Angel clicks on check the checkbox of terms, Angel clicks on check the checkbox of privacy]], Then he will have a new user and log in already [Angel finish sign up [Angel clicks on Last Button to finish setup]]
[Test worker] WARN net.thucydides.core.steps.BaseStepListener - stepFinished: current outcome:Sign Up for the first time:Given than Angel wants to enter Utest and press sign up [Angel open up [Angel opens the Choucair challenge page], Angel sign up [Angel clicks on button that show us the form to sign up]], When he fill all the forms required [Angel fill form [Angel enters 'Angel' into Textbox to write First Name, Angel enters 'Lin' into Textbox to write Last Name, Angel enters 'frpslayer29@gmail.com' into Textbox to write email, Angel select July on we choose the month birth name, Angel selects index 10 in we write the day birth name, Angel select 1990 on we choose the year birth name, Angel clicks on button that show up the next step of the form to sign up, Angel enters '0000' into we write the ZIP code, Angel clicks on button that show up the next step of the form to sign up, Angel clicks on we choose Mobile device, Angel clicks on Choose Alcatel Option, Angel clicks on we choose Mobile mode device, Angel clicks on Choose Crystal Option , Angel clicks on we choose Mobile OS system device, Angel clicks on Choose Android version option, Angel clicks on Button to move to the final part of the form, Angel enters 'PrUeBa@204845' into fill password form, Angel enters 'PrUeBa@204845' into fill Confirm password form, Angel clicks on check the checkbox of terms, Angel clicks on check the checkbox of privacy]], Then he will have a new user and log in already [Angel finish sign up [Angel clicks on Last Button to finish setup]]
[Test worker] WARN net.thucydides.core.steps.BaseStepListener - stepFinished: current outcome:Sign Up for the first time:Given than Angel wants to enter Utest and press sign up [Angel open up [Angel opens the Choucair challenge page], Angel sign up [Angel clicks on button that show us the form to sign up]], When he fill all the forms required [Angel fill form [Angel enters 'Angel' into Textbox to write First Name, Angel enters 'Lin' into Textbox to write Last Name, Angel enters 'frpslayer29@gmail.com' into Textbox to write email, Angel select July on we choose the month birth name, Angel selects index 10 in we write the day birth name, Angel select 1990 on we choose the year birth name, Angel clicks on button that show up the next step of the form to sign up, Angel enters '0000' into we write the ZIP code, Angel clicks on button that show up the next step of the form to sign up, Angel clicks on we choose Mobile device, Angel clicks on Choose Alcatel Option, Angel clicks on we choose Mobile mode device, Angel clicks on Choose Crystal Option , Angel clicks on we choose Mobile OS system device, Angel clicks on Choose Android version option, Angel clicks on Button to move to the final part of the form, Angel enters 'PrUeBa@204845' into fill password form, Angel enters 'PrUeBa@204845' into fill Confirm password form, Angel clicks on check the checkbox of terms, Angel clicks on check the checkbox of privacy]], Then he will have a new user and log in already [Angel finish sign up [Angel clicks on Last Button to finish setup]]
[Test worker] WARN net.thucydides.core.steps.BaseStepListener - testFinished: Sign Up for the first time:Given than Angel wants to enter Utest and press sign up [Angel open up [Angel opens the Choucair challenge page], Angel sign up [Angel clicks on button that show us the form to sign up]], When he fill all the forms required [Angel fill form [Angel enters 'Angel' into Textbox to write First Name, Angel enters 'Lin' into Textbox to write Last Name, Angel enters 'frpslayer29@gmail.com' into Textbox to write email, Angel select July on we choose the month birth name, Angel selects index 10 in we write the day birth name, Angel select 1990 on we choose the year birth name, Angel clicks on button that show up the next step of the form to sign up, Angel enters '0000' into we write the ZIP code, Angel clicks on button that show up the next step of the form to sign up, Angel clicks on we choose Mobile device, Angel clicks on Choose Alcatel Option, Angel clicks on we choose Mobile mode device, Angel clicks on Choose Crystal Option , Angel clicks on we choose Mobile OS system device, Angel clicks on Choose Android version option, Angel clicks on Button to move to the final part of the form, Angel enters 'PrUeBa@204845' into fill password form, Angel enters 'PrUeBa@204845' into fill Confirm password form, Angel clicks on check the checkbox of terms, Angel clicks on check the checkbox of privacy]], Then he will have a new user and log in already [Angel finish sign up [Angel clicks on Last Button to finish setup]]
[Test worker] WARN net.thucydides.core.steps.BaseStepListener - TestOutcomes: [Sign Up for the first time:Given than Angel wants to enter Utest and press sign up [Angel open up [Angel opens the Choucair challenge page], Angel sign up [Angel clicks on button that show us the form to sign up]], When he fill all the forms required [Angel fill form [Angel enters 'Angel' into Textbox to write First Name, Angel enters 'Lin' into Textbox to write Last Name, Angel enters 'frpslayer29@gmail.com' into Textbox to write email, Angel select July on we choose the month birth name, Angel selects index 10 in we write the day birth name, Angel select 1990 on we choose the year birth name, Angel clicks on button that show up the next step of the form to sign up, Angel enters '0000' into we write the ZIP code, Angel clicks on button that show up the next step of the form to sign up, Angel clicks on we choose Mobile device, Angel clicks on Choose Alcatel Option, Angel clicks on we choose Mobile mode device, Angel clicks on Choose Crystal Option , Angel clicks on we choose Mobile OS system device, Angel clicks on Choose Android version option, Angel clicks on Button to move to the final part of the form, Angel enters 'PrUeBa@204845' into fill password form, Angel enters 'PrUeBa@204845' into fill Confirm password form, Angel clicks on check the checkbox of terms, Angel clicks on check the checkbox of privacy]], Then he will have a new user and log in already [Angel finish sign up [Angel clicks on Last Button to finish setup]]]
[Test worker] WARN net.thucydides.core.steps.BaseStepListener - Final testOutcomes: [Sign Up for the first time:Given than Angel wants to enter Utest and press sign up [Angel open up [Angel opens the Choucair challenge page], Angel sign up [Angel clicks on button that show us the form to sign up]], When he fill all the forms required [Angel fill form [Angel enters 'Angel' into Textbox to write First Name, Angel enters 'Lin' into Textbox to write Last Name, Angel enters 'frpslayer29@gmail.com' into Textbox to write email, Angel select July on we choose the month birth name, Angel selects index 10 in we write the day birth name, Angel select 1990 on we choose the year birth name, Angel clicks on button that show up the next step of the form to sign up, Angel enters '0000' into we write the ZIP code, Angel clicks on button that show up the next step of the form to sign up, Angel clicks on we choose Mobile device, Angel clicks on Choose Alcatel Option, Angel clicks on we choose Mobile mode device, Angel clicks on Choose Crystal Option , Angel clicks on we choose Mobile OS system device, Angel clicks on Choose Android version option, Angel clicks on Button to move to the final part of the form, Angel enters 'PrUeBa@204845' into fill password form, Angel enters 'PrUeBa@204845' into fill Confirm password form, Angel clicks on check the checkbox of terms, Angel clicks on check the checkbox of privacy]], Then he will have a new user and log in already [Angel finish sign up [Angel clicks on Last Button to finish setup]]]
[Test worker] INFO net.thucydides.core.steps.ConsoleLoggingListener - 
        __    _____ _____ ____ _____   ____   _    ____  ____  _____ ____  
  _     \ \  |_   _| ____/ ___|_   _| |  _ \ / \  / ___|/ ___|| ____|  _ \ 
 (_)_____| |   | | |  _| \___ \ | |   | |_) / _ \ \___ \\___ \|  _| | | | |
  _|_____| |   | | | |___ ___) || |   |  __/ ___ \ ___) |___) | |___| |_| |
 (_)     | |   |_| |_____|____/ |_|   |_| /_/   \_\____/|____/|_____|____/ 
        /_/                                                                

TEST PASSED: Sign Up for the first time
----------------------------------------------------------------------------
]]></system-err>
</testsuite>
